[2022-03-03 08:47:23] live.EMERGENCY: File:/home/u997099361/domains/nacionalcode.org/public_html/possaas/vendor/automattic/woocommerce/src/WooCommerce/HttpClient/HttpClient.phpLine:417Message:cURL Error:   
[2022-03-03 08:47:31] live.EMERGENCY: File:/home/u997099361/domains/nacionalcode.org/public_html/possaas/vendor/automattic/woocommerce/src/WooCommerce/HttpClient/HttpClient.phpLine:417Message:cURL Error:   
[2022-03-03 14:34:05] live.EMERGENCY: File:/home/u997099361/domains/nacionalcode.org/public_html/possaas/app/Http/Controllers/OpeningStockController.phpLine:166Message:Invalid argument supplied for foreach()  
[2022-03-03 16:13:05] live.ERROR: The resource owner or authorization server denied the request. {"userId":1,"exception":"[object] (League\\OAuth2\\Server\\Exception\\OAuthServerException(code: 9): The resource owner or authorization server denied the request. at /home/u997099361/domains/nacionalcode.org/public_html/possaas/vendor/league/oauth2-server/src/Exception/OAuthServerException.php:223, Lcobucci\\JWT\\Token\\InvalidTokenStructure(code: 0): The JWT string must have two dots at /home/u997099361/domains/nacionalcode.org/public_html/possaas/vendor/lcobucci/jwt/src/Token/InvalidTokenStructure.php:13)
[stacktrace]
#0 /home/u997099361/domains/nacionalcode.org/public_html/possaas/vendor/league/oauth2-server/src/AuthorizationValidators/BearerTokenValidator.php(100): League\\OAuth2\\Server\\Exception\\OAuthServerException::accessDenied('The JWT string ...', NULL, Object(Lcobucci\\JWT\\Token\\InvalidTokenStructure))
#1 /home/u997099361/domains/nacionalcode.org/public_html/possaas/vendor/league/oauth2-server/src/ResourceServer.php(84): League\\OAuth2\\Server\\AuthorizationValidators\\BearerTokenValidator->validateAuthorization(Object(Laminas\\Diactoros\\ServerRequest))
#2 /home/u997099361/domains/nacionalcode.org/public_html/possaas/vendor/laravel/passport/src/Guards/TokenGuard.php(175): League\\OAuth2\\Server\\ResourceServer->validateAuthenticatedRequest(Object(Laminas\\Diactoros\\ServerRequest))
#3 /home/u997099361/domains/nacionalcode.org/public_html/possaas/vendor/laravel/passport/src/Guards/TokenGuard.php(127): Laravel\\Passport\\Guards\\TokenGuard->getPsrRequestViaBearerToken(Object(Illuminate\\Http\\Request))
#4 /home/u997099361/domains/nacionalcode.org/public_html/possaas/vendor/laravel/passport/src/Guards/TokenGuard.php(90): Laravel\\Passport\\Guards\\TokenGuard->authenticateViaBearerToken(Object(Illuminate\\Http\\Request))
#5 /home/u997099361/domains/nacionalcode.org/public_html/possaas/vendor/laravel/passport/src/PassportServiceProvider.php(275): Laravel\\Passport\\Guards\\TokenGuard->user(Object(Illuminate\\Http\\Request))
#6 [internal function]: Laravel\\Passport\\PassportServiceProvider->Laravel\\Passport\\{closure}(Object(Illuminate\\Http\\Request), NULL)
#7 /home/u997099361/domains/nacionalcode.org/public_html/possaas/vendor/laravel/framework/src/Illuminate/Auth/RequestGuard.php(58): call_user_func(Object(Closure), Object(Illuminate\\Http\\Request), NULL)
#8 /home/u997099361/domains/nacionalcode.org/public_html/possaas/vendor/laravel/framework/src/Illuminate/Auth/GuardHelpers.php(60): Illuminate\\Auth\\RequestGuard->user()
#9 /home/u997099361/domains/nacionalcode.org/public_html/possaas/vendor/laravel/framework/src/Illuminate/Auth/Middleware/Authenticate.php(62): Illuminate\\Auth\\RequestGuard->check()
#10 /home/u997099361/domains/nacionalcode.org/public_html/possaas/vendor/laravel/framework/src/Illuminate/Auth/Middleware/Authenticate.php(41): Illuminate\\Auth\\Middleware\\Authenticate->authenticate(Object(Illuminate\\Http\\Request), Array)
#11 /home/u997099361/domains/nacionalcode.org/public_html/possaas/vendor/laravel/framework/src/Illuminate/Pipeline/Pipeline.php(163): Illuminate\\Auth\\Middleware\\Authenticate->handle(Object(Illuminate\\Http\\Request), Object(Closure), 'api')
#12 /home/u997099361/domains/nacionalcode.org/public_html/possaas/vendor/laravel/framework/src/Illuminate/Routing/Pipeline.php(53): Illuminate\\Pipeline\\Pipeline->Illuminate\\Pipeline\\{closure}(Object(Illuminate\\Http\\Request))
#13 /home/u997099361/domains/nacionalcode.org/public_html/possaas/vendor/laravel/framework/src/Illuminate/Pipeline/Pipeline.php(104): Illuminate\\Routing\\Pipeline->Illuminate\\Routing\\{closure}(Object(Illuminate\\Http\\Request))
#14 /home/u997099361/domains/nacionalcode.org/public_html/possaas/vendor/laravel/framework/src/Illuminate/Routing/Router.php(682): Illuminate\\Pipeline\\Pipeline->then(Object(Closure))
#15 /home/u997099361/domains/nacionalcode.org/public_html/possaas/vendor/laravel/framework/src/Illuminate/Routing/Router.php(657): Illuminate\\Routing\\Router->runRouteWithinStack(Object(Illuminate\\Routing\\Route), Object(Illuminate\\Http\\Request))
#16 /home/u997099361/domains/nacionalcode.org/public_html/possaas/vendor/laravel/framework/src/Illuminate/Routing/Router.php(623): Illuminate\\Routing\\Router->runRoute(Object(Illuminate\\Http\\Request), Object(Illuminate\\Routing\\Route))
#17 /home/u997099361/domains/nacionalcode.org/public_html/possaas/vendor/laravel/framework/src/Illuminate/Routing/Router.php(612): Illuminate\\Routing\\Router->dispatchToRoute(Object(Illuminate\\Http\\Request))
#18 /home/u997099361/domains/nacionalcode.org/public_html/possaas/vendor/laravel/framework/src/Illuminate/Foundation/Http/Kernel.php(176): Illuminate\\Routing\\Router->dispatch(Object(Illuminate\\Http\\Request))
#19 /home/u997099361/domains/nacionalcode.org/public_html/possaas/vendor/laravel/framework/src/Illuminate/Routing/Pipeline.php(30): Illuminate\\Foundation\\Http\\Kernel->Illuminate\\Foundation\\Http\\{closure}(Object(Illuminate\\Http\\Request))
#20 /home/u997099361/domains/nacionalcode.org/public_html/possaas/vendor/barryvdh/laravel-debugbar/src/Middleware/InjectDebugbar.php(58): Illuminate\\Routing\\Pipeline->Illuminate\\Routing\\{closure}(Object(Illuminate\\Http\\Request))
#21 /home/u997099361/domains/nacionalcode.org/public_html/possaas/vendor/laravel/framework/src/Illuminate/Pipeline/Pipeline.php(163): Barryvdh\\Debugbar\\Middleware\\InjectDebugbar->handle(Object(Illuminate\\Http\\Request), Object(Closure))
#22 /home/u997099361/domains/nacionalcode.org/public_html/possaas/vendor/laravel/framework/src/Illuminate/Routing/Pipeline.php(53): Illuminate\\Pipeline\\Pipeline->Illuminate\\Pipeline\\{closure}(Object(Illuminate\\Http\\Request))
#23 /home/u997099361/domains/nacionalcode.org/public_html/possaas/vendor/fideloper/proxy/src/TrustProxies.php(57): Illuminate\\Routing\\Pipeline->Illuminate\\Routing\\{closure}(Object(Illuminate\\Http\\Request))
#24 /home/u997099361/domains/nacionalcode.org/public_html/possaas/vendor/laravel/framework/src/Illuminate/Pipeline/Pipeline.php(163): Fideloper\\Proxy\\TrustProxies->handle(Object(Illuminate\\Http\\Request), Object(Closure))
#25 /home/u997099361/domains/nacionalcode.org/public_html/possaas/vendor/laravel/framework/src/Illuminate/Routing/Pipeline.php(53): Illuminate\\Pipeline\\Pipeline->Illuminate\\Pipeline\\{closure}(Object(Illuminate\\Http\\Request))
#26 /home/u997099361/domains/nacionalcode.org/public_html/possaas/vendor/laravel/framework/src/Illuminate/Foundation/Http/Middleware/TransformsRequest.php(21): Illuminate\\Routing\\Pipeline->Illuminate\\Routing\\{closure}(Object(Illuminate\\Http\\Request))
#27 /home/u997099361/domains/nacionalcode.org/public_html/possaas/vendor/laravel/framework/src/Illuminate/Pipeline/Pipeline.php(163): Illuminate\\Foundation\\Http\\Middleware\\TransformsRequest->handle(Object(Illuminate\\Http\\Request), Object(Closure))
#28 /home/u997099361/domains/nacionalcode.org/public_html/possaas/vendor/laravel/framework/src/Illuminate/Routing/Pipeline.php(53): Illuminate\\Pipeline\\Pipeline->Illuminate\\Pipeline\\{closure}(Object(Illuminate\\Http\\Request))
#29 /home/u997099361/domains/nacionalcode.org/public_html/possaas/vendor/laravel/framework/src/Illuminate/Foundation/Http/Middleware/TransformsRequest.php(21): Illuminate\\Routing\\Pipeline->Illuminate\\Routing\\{closure}(Object(Illuminate\\Http\\Request))
#30 /home/u997099361/domains/nacionalcode.org/public_html/possaas/vendor/laravel/framework/src/Illuminate/Pipeline/Pipeline.php(163): Illuminate\\Foundation\\Http\\Middleware\\TransformsRequest->handle(Object(Illuminate\\Http\\Request), Object(Closure))
#31 /home/u997099361/domains/nacionalcode.org/public_html/possaas/vendor/laravel/framework/src/Illuminate/Routing/Pipeline.php(53): Illuminate\\Pipeline\\Pipeline->Illuminate\\Pipeline\\{closure}(Object(Illuminate\\Http\\Request))
#32 /home/u997099361/domains/nacionalcode.org/public_html/possaas/vendor/laravel/framework/src/Illuminate/Foundation/Http/Middleware/ValidatePostSize.php(27): Illuminate\\Routing\\Pipeline->Illuminate\\Routing\\{closure}(Object(Illuminate\\Http\\Request))
#33 /home/u997099361/domains/nacionalcode.org/public_html/possaas/vendor/laravel/framework/src/Illuminate/Pipeline/Pipeline.php(163): Illuminate\\Foundation\\Http\\Middleware\\ValidatePostSize->handle(Object(Illuminate\\Http\\Request), Object(Closure))
#34 /home/u997099361/domains/nacionalcode.org/public_html/possaas/vendor/laravel/framework/src/Illuminate/Routing/Pipeline.php(53): Illuminate\\Pipeline\\Pipeline->Illuminate\\Pipeline\\{closure}(Object(Illuminate\\Http\\Request))
#35 /home/u997099361/domains/nacionalcode.org/public_html/possaas/vendor/laravel/framework/src/Illuminate/Foundation/Http/Middleware/CheckForMaintenanceMode.php(62): Illuminate\\Routing\\Pipeline->Illuminate\\Routing\\{closure}(Object(Illuminate\\Http\\Request))
#36 /home/u997099361/domains/nacionalcode.org/public_html/possaas/vendor/laravel/framework/src/Illuminate/Pipeline/Pipeline.php(163): Illuminate\\Foundation\\Http\\Middleware\\CheckForMaintenanceMode->handle(Object(Illuminate\\Http\\Request), Object(Closure))
#37 /home/u997099361/domains/nacionalcode.org/public_html/possaas/vendor/laravel/framework/src/Illuminate/Routing/Pipeline.php(53): Illuminate\\Pipeline\\Pipeline->Illuminate\\Pipeline\\{closure}(Object(Illuminate\\Http\\Request))
#38 /home/u997099361/domains/nacionalcode.org/public_html/possaas/vendor/laravel/framework/src/Illuminate/Pipeline/Pipeline.php(104): Illuminate\\Routing\\Pipeline->Illuminate\\Routing\\{closure}(Object(Illuminate\\Http\\Request))
#39 /home/u997099361/domains/nacionalcode.org/public_html/possaas/vendor/laravel/framework/src/Illuminate/Foundation/Http/Kernel.php(151): Illuminate\\Pipeline\\Pipeline->then(Object(Closure))
#40 /home/u997099361/domains/nacionalcode.org/public_html/possaas/vendor/laravel/framework/src/Illuminate/Foundation/Http/Kernel.php(116): Illuminate\\Foundation\\Http\\Kernel->sendRequestThroughRouter(Object(Illuminate\\Http\\Request))
#41 /home/u997099361/domains/nacionalcode.org/public_html/possaas/vendor/mpociot/laravel-apidoc-generator/src/Extracting/Strategies/Responses/ResponseCalls.php(307): Illuminate\\Foundation\\Http\\Kernel->handle(Object(Illuminate\\Http\\Request))
#42 /home/u997099361/domains/nacionalcode.org/public_html/possaas/vendor/mpociot/laravel-apidoc-generator/src/Extracting/Strategies/Responses/ResponseCalls.php(289): Mpociot\\ApiDoc\\Extracting\\Strategies\\Responses\\ResponseCalls->callLaravelRoute(Object(Illuminate\\Http\\Request))
#43 /home/u997099361/domains/nacionalcode.org/public_html/possaas/vendor/mpociot/laravel-apidoc-generator/src/Extracting/Strategies/Responses/ResponseCalls.php(47): Mpociot\\ApiDoc\\Extracting\\Strategies\\Responses\\ResponseCalls->makeApiCall(Object(Illuminate\\Http\\Request))
#44 /home/u997099361/domains/nacionalcode.org/public_html/possaas/vendor/mpociot/laravel-apidoc-generator/src/Extracting/Generator.php(172): Mpociot\\ApiDoc\\Extracting\\Strategies\\Responses\\ResponseCalls->__invoke(Object(Illuminate\\Routing\\Route), Object(ReflectionClass), Object(ReflectionMethod), Array, Array)
#45 /home/u997099361/domains/nacionalcode.org/public_html/possaas/vendor/mpociot/laravel-apidoc-generator/src/Extracting/Generator.php(121): Mpociot\\ApiDoc\\Extracting\\Generator->iterateThroughStrategies('responses', Array, Array)
#46 /home/u997099361/domains/nacionalcode.org/public_html/possaas/vendor/mpociot/laravel-apidoc-generator/src/Extracting/Generator.php(84): Mpociot\\ApiDoc\\Extracting\\Generator->fetchResponses(Object(ReflectionClass), Object(ReflectionMethod), Object(Illuminate\\Routing\\Route), Array, Array)
#47 /home/u997099361/domains/nacionalcode.org/public_html/possaas/vendor/mpociot/laravel-apidoc-generator/src/Commands/GenerateDocumentation.php(125): Mpociot\\ApiDoc\\Extracting\\Generator->processRoute(Object(Illuminate\\Routing\\Route), Array)
#48 /home/u997099361/domains/nacionalcode.org/public_html/possaas/vendor/mpociot/laravel-apidoc-generator/src/Commands/GenerateDocumentation.php(69): Mpociot\\ApiDoc\\Commands\\GenerateDocumentation->processRoutes(Object(Mpociot\\ApiDoc\\Extracting\\Generator), Array)
#49 [internal function]: Mpociot\\ApiDoc\\Commands\\GenerateDocumentation->handle(Object(Mpociot\\ApiDoc\\Matching\\RouteMatcher))
#50 /home/u997099361/domains/nacionalcode.org/public_html/possaas/vendor/laravel/framework/src/Illuminate/Container/BoundMethod.php(32): call_user_func_array(Array, Array)
#51 /home/u997099361/domains/nacionalcode.org/public_html/possaas/vendor/laravel/framework/src/Illuminate/Container/BoundMethod.php(90): Illuminate\\Container\\BoundMethod::Illuminate\\Container\\{closure}()
#52 /home/u997099361/domains/nacionalcode.org/public_html/possaas/vendor/laravel/framework/src/Illuminate/Container/BoundMethod.php(34): Illuminate\\Container\\BoundMethod::callBoundMethod(Object(Illuminate\\Foundation\\Application), Array, Object(Closure))
#53 /home/u997099361/domains/nacionalcode.org/public_html/possaas/vendor/laravel/framework/src/Illuminate/Container/Container.php(576): Illuminate\\Container\\BoundMethod::call(Object(Illuminate\\Foundation\\Application), Array, Array, NULL)
#54 /home/u997099361/domains/nacionalcode.org/public_html/possaas/vendor/laravel/framework/src/Illuminate/Console/Command.php(183): Illuminate\\Container\\Container->call(Array)
#55 /home/u997099361/domains/nacionalcode.org/public_html/possaas/vendor/symfony/console/Command/Command.php(255): Illuminate\\Console\\Command->execute(Object(Symfony\\Component\\Console\\Input\\StringInput), Object(Illuminate\\Console\\OutputStyle))
#56 /home/u997099361/domains/nacionalcode.org/public_html/possaas/vendor/laravel/framework/src/Illuminate/Console/Command.php(170): Symfony\\Component\\Console\\Command\\Command->run(Object(Symfony\\Component\\Console\\Input\\StringInput), Object(Illuminate\\Console\\OutputStyle))
#57 /home/u997099361/domains/nacionalcode.org/public_html/possaas/vendor/symfony/console/Application.php(1009): Illuminate\\Console\\Command->run(Object(Symfony\\Component\\Console\\Input\\StringInput), Object(Symfony\\Component\\Console\\Output\\BufferedOutput))
#58 /home/u997099361/domains/nacionalcode.org/public_html/possaas/vendor/symfony/console/Application.php(273): Symfony\\Component\\Console\\Application->doRunCommand(Object(Mpociot\\ApiDoc\\Commands\\GenerateDocumentation), Object(Symfony\\Component\\Console\\Input\\StringInput), Object(Symfony\\Component\\Console\\Output\\BufferedOutput))
#59 /home/u997099361/domains/nacionalcode.org/public_html/possaas/vendor/symfony/console/Application.php(149): Symfony\\Component\\Console\\Application->doRun(Object(Symfony\\Component\\Console\\Input\\StringInput), Object(Symfony\\Component\\Console\\Output\\BufferedOutput))
#60 /home/u997099361/domains/nacionalcode.org/public_html/possaas/vendor/laravel/framework/src/Illuminate/Console/Application.php(90): Symfony\\Component\\Console\\Application->run(Object(Symfony\\Component\\Console\\Input\\StringInput), Object(Symfony\\Component\\Console\\Output\\BufferedOutput))
#61 /home/u997099361/domains/nacionalcode.org/public_html/possaas/vendor/laravel/framework/src/Illuminate/Console/Application.php(182): Illuminate\\Console\\Application->run(Object(Symfony\\Component\\Console\\Input\\StringInput), Object(Symfony\\Component\\Console\\Output\\BufferedOutput))
#62 /home/u997099361/domains/nacionalcode.org/public_html/possaas/vendor/laravel/framework/src/Illuminate/Foundation/Console/Kernel.php(275): Illuminate\\Console\\Application->call('apidoc:generate', Array, NULL)
#63 /home/u997099361/domains/nacionalcode.org/public_html/possaas/vendor/laravel/framework/src/Illuminate/Support/Facades/Facade.php(239): Illuminate\\Foundation\\Console\\Kernel->call('apidoc:generate')
#64 /home/u997099361/domains/nacionalcode.org/public_html/possaas/Modules/Connector/Http/Controllers/InstallController.php(172): Illuminate\\Support\\Facades\\Facade::__callStatic('call', Array)
#65 [internal function]: Modules\\Connector\\Http\\Controllers\\InstallController->update()
#66 /home/u997099361/domains/nacionalcode.org/public_html/possaas/vendor/laravel/framework/src/Illuminate/Routing/Controller.php(54): call_user_func_array(Array, Array)
#67 /home/u997099361/domains/nacionalcode.org/public_html/possaas/vendor/laravel/framework/src/Illuminate/Routing/ControllerDispatcher.php(45): Illuminate\\Routing\\Controller->callAction('update', Array)
#68 /home/u997099361/domains/nacionalcode.org/public_html/possaas/vendor/laravel/framework/src/Illuminate/Routing/Route.php(219): Illuminate\\Routing\\ControllerDispatcher->dispatch(Object(Illuminate\\Routing\\Route), Object(Modules\\Connector\\Http\\Controllers\\InstallController), 'update')
#69 /home/u997099361/domains/nacionalcode.org/public_html/possaas/vendor/laravel/framework/src/Illuminate/Routing/Route.php(176): Illuminate\\Routing\\Route->runController()
#70 /home/u997099361/domains/nacionalcode.org/public_html/possaas/vendor/laravel/framework/src/Illuminate/Routing/Router.php(680): Illuminate\\Routing\\Route->run()
#71 /home/u997099361/domains/nacionalcode.org/public_html/possaas/vendor/laravel/framework/src/Illuminate/Routing/Pipeline.php(30): Illuminate\\Routing\\Router->Illuminate\\Routing\\{closure}(Object(Illuminate\\Http\\Request))
#72 /home/u997099361/domains/nacionalcode.org/public_html/possaas/app/Http/Middleware/CheckUserLogin.php(22): Illuminate\\Routing\\Pipeline->Illuminate\\Routing\\{closure}(Object(Illuminate\\Http\\Request))
#73 /home/u997099361/domains/nacionalcode.org/public_html/possaas/vendor/laravel/framework/src/Illuminate/Pipeline/Pipeline.php(163): App\\Http\\Middleware\\CheckUserLogin->handle(Object(Illuminate\\Http\\Request), Object(Closure))
#74 /home/u997099361/domains/nacionalcode.org/public_html/possaas/vendor/laravel/framework/src/Illuminate/Routing/Pipeline.php(53): Illuminate\\Pipeline\\Pipeline->Illuminate\\Pipeline\\{closure}(Object(Illuminate\\Http\\Request))
#75 /home/u997099361/domains/nacionalcode.org/public_html/possaas/app/Http/Middleware/AdminSidebarMenu.php(752): Illuminate\\Routing\\Pipeline->Illuminate\\Routing\\{closure}(Object(Illuminate\\Http\\Request))
#76 /home/u997099361/domains/nacionalcode.org/public_html/possaas/vendor/laravel/framework/src/Illuminate/Pipeline/Pipeline.php(163): App\\Http\\Middleware\\AdminSidebarMenu->handle(Object(Illuminate\\Http\\Request), Object(Closure))
#77 /home/u997099361/domains/nacionalcode.org/public_html/possaas/vendor/laravel/framework/src/Illuminate/Routing/Pipeline.php(53): Illuminate\\Pipeline\\Pipeline->Illuminate\\Pipeline\\{closure}(Object(Illuminate\\Http\\Request))
#78 /home/u997099361/domains/nacionalcode.org/public_html/possaas/app/Http/Middleware/Timezone.php(30): Illuminate\\Routing\\Pipeline->Illuminate\\Routing\\{closure}(Object(Illuminate\\Http\\Request))
#79 /home/u997099361/domains/nacionalcode.org/public_html/possaas/vendor/laravel/framework/src/Illuminate/Pipeline/Pipeline.php(163): App\\Http\\Middleware\\Timezone->handle(Object(Illuminate\\Http\\Request), Object(Closure))
#80 /home/u997099361/domains/nacionalcode.org/public_html/possaas/vendor/laravel/framework/src/Illuminate/Routing/Pipeline.php(53): Illuminate\\Pipeline\\Pipeline->Illuminate\\Pipeline\\{closure}(Object(Illuminate\\Http\\Request))
#81 /home/u997099361/domains/nacionalcode.org/public_html/possaas/app/Http/Middleware/Language.php(27): Illuminate\\Routing\\Pipeline->Illuminate\\Routing\\{closure}(Object(Illuminate\\Http\\Request))
#82 /home/u997099361/domains/nacionalcode.org/public_html/possaas/vendor/laravel/framework/src/Illuminate/Pipeline/Pipeline.php(163): App\\Http\\Middleware\\Language->handle(Object(Illuminate\\Http\\Request), Object(Closure))
#83 /home/u997099361/domains/nacionalcode.org/public_html/possaas/vendor/laravel/framework/src/Illuminate/Routing/Pipeline.php(53): Illuminate\\Pipeline\\Pipeline->Illuminate\\Pipeline\\{closure}(Object(Illuminate\\Http\\Request))
#84 /home/u997099361/domains/nacionalcode.org/public_html/possaas/app/Http/Middleware/SetSessionData.php(53): Illuminate\\Routing\\Pipeline->Illuminate\\Routing\\{closure}(Object(Illuminate\\Http\\Request))
#85 /home/u997099361/domains/nacionalcode.org/public_html/possaas/vendor/laravel/framework/src/Illuminate/Pipeline/Pipeline.php(163): App\\Http\\Middleware\\SetSessionData->handle(Object(Illuminate\\Http\\Request), Object(Closure))
#86 /home/u997099361/domains/nacionalcode.org/public_html/possaas/vendor/laravel/framework/src/Illuminate/Routing/Pipeline.php(53): Illuminate\\Pipeline\\Pipeline->Illuminate\\Pipeline\\{closure}(Object(Illuminate\\Http\\Request))
#87 /home/u997099361/domains/nacionalcode.org/public_html/possaas/app/Http/Middleware/IsInstalled.php(51): Illuminate\\Routing\\Pipeline->Illuminate\\Routing\\{closure}(Object(Illuminate\\Http\\Request))
#88 /home/u997099361/domains/nacionalcode.org/public_html/possaas/vendor/laravel/framework/src/Illuminate/Pipeline/Pipeline.php(163): App\\Http\\Middleware\\IsInstalled->handle(Object(Illuminate\\Http\\Request), Object(Closure))
#89 /home/u997099361/domains/nacionalcode.org/public_html/possaas/vendor/laravel/framework/src/Illuminate/Routing/Pipeline.php(53): Illuminate\\Pipeline\\Pipeline->Illuminate\\Pipeline\\{closure}(Object(Illuminate\\Http\\Request))
#90 /home/u997099361/domains/nacionalcode.org/public_html/possaas/vendor/laravel/framework/src/Illuminate/Routing/Middleware/SubstituteBindings.php(41): Illuminate\\Routing\\Pipeline->Illuminate\\Routing\\{closure}(Object(Illuminate\\Http\\Request))
#91 /home/u997099361/domains/nacionalcode.org/public_html/possaas/vendor/laravel/framework/src/Illuminate/Pipeline/Pipeline.php(163): Illuminate\\Routing\\Middleware\\SubstituteBindings->handle(Object(Illuminate\\Http\\Request), Object(Closure))
#92 /home/u997099361/domains/nacionalcode.org/public_html/possaas/vendor/laravel/framework/src/Illuminate/Routing/Pipeline.php(53): Illuminate\\Pipeline\\Pipeline->Illuminate\\Pipeline\\{closure}(Object(Illuminate\\Http\\Request))
#93 /home/u997099361/domains/nacionalcode.org/public_html/possaas/vendor/laravel/framework/src/Illuminate/Auth/Middleware/Authenticate.php(43): Illuminate\\Routing\\Pipeline->Illuminate\\Routing\\{closure}(Object(Illuminate\\Http\\Request))
#94 /home/u997099361/domains/nacionalcode.org/public_html/possaas/vendor/laravel/framework/src/Illuminate/Pipeline/Pipeline.php(163): Illuminate\\Auth\\Middleware\\Authenticate->handle(Object(Illuminate\\Http\\Request), Object(Closure))
#95 /home/u997099361/domains/nacionalcode.org/public_html/possaas/vendor/laravel/framework/src/Illuminate/Routing/Pipeline.php(53): Illuminate\\Pipeline\\Pipeline->Illuminate\\Pipeline\\{closure}(Object(Illuminate\\Http\\Request))
#96 /home/u997099361/domains/nacionalcode.org/public_html/possaas/vendor/laravel/framework/src/Illuminate/Foundation/Http/Middleware/VerifyCsrfToken.php(75): Illuminate\\Routing\\Pipeline->Illuminate\\Routing\\{closure}(Object(Illuminate\\Http\\Request))
#97 /home/u997099361/domains/nacionalcode.org/public_html/possaas/vendor/laravel/framework/src/Illuminate/Pipeline/Pipeline.php(163): Illuminate\\Foundation\\Http\\Middleware\\VerifyCsrfToken->handle(Object(Illuminate\\Http\\Request), Object(Closure))
#98 /home/u997099361/domains/nacionalcode.org/public_html/possaas/vendor/laravel/framework/src/Illuminate/Routing/Pipeline.php(53): Illuminate\\Pipeline\\Pipeline->Illuminate\\Pipeline\\{closure}(Object(Illuminate\\Http\\Request))
#99 /home/u997099361/domains/nacionalcode.org/public_html/possaas/vendor/laravel/framework/src/Illuminate/View/Middleware/ShareErrorsFromSession.php(49): Illuminate\\Routing\\Pipeline->Illuminate\\Routing\\{closure}(Object(Illuminate\\Http\\Request))
#100 /home/u997099361/domains/nacionalcode.org/public_html/possaas/vendor/laravel/framework/src/Illuminate/Pipeline/Pipeline.php(163): Illuminate\\View\\Middleware\\ShareErrorsFromSession->handle(Object(Illuminate\\Http\\Request), Object(Closure))
#101 /home/u997099361/domains/nacionalcode.org/public_html/possaas/vendor/laravel/framework/src/Illuminate/Routing/Pipeline.php(53): Illuminate\\Pipeline\\Pipeline->Illuminate\\Pipeline\\{closure}(Object(Illuminate\\Http\\Request))
#102 /home/u997099361/domains/nacionalcode.org/public_html/possaas/vendor/laravel/framework/src/Illuminate/Session/Middleware/StartSession.php(56): Illuminate\\Routing\\Pipeline->Illuminate\\Routing\\{closure}(Object(Illuminate\\Http\\Request))
#103 /home/u997099361/domains/nacionalcode.org/public_html/possaas/vendor/laravel/framework/src/Illuminate/Pipeline/Pipeline.php(163): Illuminate\\Session\\Middleware\\StartSession->handle(Object(Illuminate\\Http\\Request), Object(Closure))
#104 /home/u997099361/domains/nacionalcode.org/public_html/possaas/vendor/laravel/framework/src/Illuminate/Routing/Pipeline.php(53): Illuminate\\Pipeline\\Pipeline->Illuminate\\Pipeline\\{closure}(Object(Illuminate\\Http\\Request))
#105 /home/u997099361/domains/nacionalcode.org/public_html/possaas/vendor/laravel/framework/src/Illuminate/Cookie/Middleware/AddQueuedCookiesToResponse.php(37): Illuminate\\Routing\\Pipeline->Illuminate\\Routing\\{closure}(Object(Illuminate\\Http\\Request))
#106 /home/u997099361/domains/nacionalcode.org/public_html/possaas/vendor/laravel/framework/src/Illuminate/Pipeline/Pipeline.php(163): Illuminate\\Cookie\\Middleware\\AddQueuedCookiesToResponse->handle(Object(Illuminate\\Http\\Request), Object(Closure))
#107 /home/u997099361/domains/nacionalcode.org/public_html/possaas/vendor/laravel/framework/src/Illuminate/Routing/Pipeline.php(53): Illuminate\\Pipeline\\Pipeline->Illuminate\\Pipeline\\{closure}(Object(Illuminate\\Http\\Request))
#108 /home/u997099361/domains/nacionalcode.org/public_html/possaas/vendor/laravel/framework/src/Illuminate/Cookie/Middleware/EncryptCookies.php(66): Illuminate\\Routing\\Pipeline->Illuminate\\Routing\\{closure}(Object(Illuminate\\Http\\Request))
#109 /home/u997099361/domains/nacionalcode.org/public_html/possaas/vendor/laravel/framework/src/Illuminate/Pipeline/Pipeline.php(163): Illuminate\\Cookie\\Middleware\\EncryptCookies->handle(Object(Illuminate\\Http\\Request), Object(Closure))
#110 /home/u997099361/domains/nacionalcode.org/public_html/possaas/vendor/laravel/framework/src/Illuminate/Routing/Pipeline.php(53): Illuminate\\Pipeline\\Pipeline->Illuminate\\Pipeline\\{closure}(Object(Illuminate\\Http\\Request))
#111 /home/u997099361/domains/nacionalcode.org/public_html/possaas/vendor/laravel/framework/src/Illuminate/Pipeline/Pipeline.php(104): Illuminate\\Routing\\Pipeline->Illuminate\\Routing\\{closure}(Object(Illuminate\\Http\\Request))
#112 /home/u997099361/domains/nacionalcode.org/public_html/possaas/vendor/laravel/framework/src/Illuminate/Routing/Router.php(682): Illuminate\\Pipeline\\Pipeline->then(Object(Closure))
#113 /home/u997099361/domains/nacionalcode.org/public_html/possaas/vendor/laravel/framework/src/Illuminate/Routing/Router.php(657): Illuminate\\Routing\\Router->runRouteWithinStack(Object(Illuminate\\Routing\\Route), Object(Illuminate\\Http\\Request))
#114 /home/u997099361/domains/nacionalcode.org/public_html/possaas/vendor/laravel/framework/src/Illuminate/Routing/Router.php(623): Illuminate\\Routing\\Router->runRoute(Object(Illuminate\\Http\\Request), Object(Illuminate\\Routing\\Route))
#115 /home/u997099361/domains/nacionalcode.org/public_html/possaas/vendor/laravel/framework/src/Illuminate/Routing/Router.php(612): Illuminate\\Routing\\Router->dispatchToRoute(Object(Illuminate\\Http\\Request))
#116 /home/u997099361/domains/nacionalcode.org/public_html/possaas/vendor/laravel/framework/src/Illuminate/Foundation/Http/Kernel.php(176): Illuminate\\Routing\\Router->dispatch(Object(Illuminate\\Http\\Request))
#117 /home/u997099361/domains/nacionalcode.org/public_html/possaas/vendor/laravel/framework/src/Illuminate/Routing/Pipeline.php(30): Illuminate\\Foundation\\Http\\Kernel->Illuminate\\Foundation\\Http\\{closure}(Object(Illuminate\\Http\\Request))
#118 /home/u997099361/domains/nacionalcode.org/public_html/possaas/vendor/barryvdh/laravel-debugbar/src/Middleware/InjectDebugbar.php(58): Illuminate\\Routing\\Pipeline->Illuminate\\Routing\\{closure}(Object(Illuminate\\Http\\Request))
#119 /home/u997099361/domains/nacionalcode.org/public_html/possaas/vendor/laravel/framework/src/Illuminate/Pipeline/Pipeline.php(163): Barryvdh\\Debugbar\\Middleware\\InjectDebugbar->handle(Object(Illuminate\\Http\\Request), Object(Closure))
#120 /home/u997099361/domains/nacionalcode.org/public_html/possaas/vendor/laravel/framework/src/Illuminate/Routing/Pipeline.php(53): Illuminate\\Pipeline\\Pipeline->Illuminate\\Pipeline\\{closure}(Object(Illuminate\\Http\\Request))
#121 /home/u997099361/domains/nacionalcode.org/public_html/possaas/vendor/fideloper/proxy/src/TrustProxies.php(57): Illuminate\\Routing\\Pipeline->Illuminate\\Routing\\{closure}(Object(Illuminate\\Http\\Request))
#122 /home/u997099361/domains/nacionalcode.org/public_html/possaas/vendor/laravel/framework/src/Illuminate/Pipeline/Pipeline.php(163): Fideloper\\Proxy\\TrustProxies->handle(Object(Illuminate\\Http\\Request), Object(Closure))
#123 /home/u997099361/domains/nacionalcode.org/public_html/possaas/vendor/laravel/framework/src/Illuminate/Routing/Pipeline.php(53): Illuminate\\Pipeline\\Pipeline->Illuminate\\Pipeline\\{closure}(Object(Illuminate\\Http\\Request))
#124 /home/u997099361/domains/nacionalcode.org/public_html/possaas/vendor/laravel/framework/src/Illuminate/Foundation/Http/Middleware/TransformsRequest.php(21): Illuminate\\Routing\\Pipeline->Illuminate\\Routing\\{closure}(Object(Illuminate\\Http\\Request))
#125 /home/u997099361/domains/nacionalcode.org/public_html/possaas/vendor/laravel/framework/src/Illuminate/Pipeline/Pipeline.php(163): Illuminate\\Foundation\\Http\\Middleware\\TransformsRequest->handle(Object(Illuminate\\Http\\Request), Object(Closure))
#126 /home/u997099361/domains/nacionalcode.org/public_html/possaas/vendor/laravel/framework/src/Illuminate/Routing/Pipeline.php(53): Illuminate\\Pipeline\\Pipeline->Illuminate\\Pipeline\\{closure}(Object(Illuminate\\Http\\Request))
#127 /home/u997099361/domains/nacionalcode.org/public_html/possaas/vendor/laravel/framework/src/Illuminate/Foundation/Http/Middleware/TransformsRequest.php(21): Illuminate\\Routing\\Pipeline->Illuminate\\Routing\\{closure}(Object(Illuminate\\Http\\Request))
#128 /home/u997099361/domains/nacionalcode.org/public_html/possaas/vendor/laravel/framework/src/Illuminate/Pipeline/Pipeline.php(163): Illuminate\\Foundation\\Http\\Middleware\\TransformsRequest->handle(Object(Illuminate\\Http\\Request), Object(Closure))
#129 /home/u997099361/domains/nacionalcode.org/public_html/possaas/vendor/laravel/framework/src/Illuminate/Routing/Pipeline.php(53): Illuminate\\Pipeline\\Pipeline->Illuminate\\Pipeline\\{closure}(Object(Illuminate\\Http\\Request))
#130 /home/u997099361/domains/nacionalcode.org/public_html/possaas/vendor/laravel/framework/src/Illuminate/Foundation/Http/Middleware/ValidatePostSize.php(27): Illuminate\\Routing\\Pipeline->Illuminate\\Routing\\{closure}(Object(Illuminate\\Http\\Request))
#131 /home/u997099361/domains/nacionalcode.org/public_html/possaas/vendor/laravel/framework/src/Illuminate/Pipeline/Pipeline.php(163): Illuminate\\Foundation\\Http\\Middleware\\ValidatePostSize->handle(Object(Illuminate\\Http\\Request), Object(Closure))
#132 /home/u997099361/domains/nacionalcode.org/public_html/possaas/vendor/laravel/framework/src/Illuminate/Routing/Pipeline.php(53): Illuminate\\Pipeline\\Pipeline->Illuminate\\Pipeline\\{closure}(Object(Illuminate\\Http\\Request))
#133 /home/u997099361/domains/nacionalcode.org/public_html/possaas/vendor/laravel/framework/src/Illuminate/Foundation/Http/Middleware/CheckForMaintenanceMode.php(62): Illuminate\\Routing\\Pipeline->Illuminate\\Routing\\{closure}(Object(Illuminate\\Http\\Request))
#134 /home/u997099361/domains/nacionalcode.org/public_html/possaas/vendor/laravel/framework/src/Illuminate/Pipeline/Pipeline.php(163): Illuminate\\Foundation\\Http\\Middleware\\CheckForMaintenanceMode->handle(Object(Illuminate\\Http\\Request), Object(Closure))
#135 /home/u997099361/domains/nacionalcode.org/public_html/possaas/vendor/laravel/framework/src/Illuminate/Routing/Pipeline.php(53): Illuminate\\Pipeline\\Pipeline->Illuminate\\Pipeline\\{closure}(Object(Illuminate\\Http\\Request))
#136 /home/u997099361/domains/nacionalcode.org/public_html/possaas/vendor/laravel/framework/src/Illuminate/Pipeline/Pipeline.php(104): Illuminate\\Routing\\Pipeline->Illuminate\\Routing\\{closure}(Object(Illuminate\\Http\\Request))
#137 /home/u997099361/domains/nacionalcode.org/public_html/possaas/vendor/laravel/framework/src/Illuminate/Foundation/Http/Kernel.php(151): Illuminate\\Pipeline\\Pipeline->then(Object(Closure))
#138 /home/u997099361/domains/nacionalcode.org/public_html/possaas/vendor/laravel/framework/src/Illuminate/Foundation/Http/Kernel.php(116): Illuminate\\Foundation\\Http\\Kernel->sendRequestThroughRouter(Object(Illuminate\\Http\\Request))
#139 /home/u997099361/domains/nacionalcode.org/public_html/possaas/public/index.php(53): Illuminate\\Foundation\\Http\\Kernel->handle(Object(Illuminate\\Http\\Request))
#140 {main}
"} 
